# JRE version: OpenJDK Runtime Environment Temurin-21.0.10+7 (21.0.10+7) (build 21.0.10+7-LTS)
# Java VM: OpenJDK 64-Bit Server VM Temurin-21.0.10+7 (21.0.10+7-LTS, mixed mode, sharing, tiered, compressed oops, compressed class ptrs, parallel gc, windows-amd64)
GC Precious Log:
 CardTable entry size: 512
 CPUs: 16 total, 16 available
 Memory: 16052M
 Large Page Support: Disabled
 NUMA Support: Disabled
 Compressed Oops: Enabled (32-bit)
 Alignments: Space 512K, Generation 512K, Heap 2M
 Heap Min Capacity: 100M
 Heap Initial Capacity: 100M
 Heap Max Capacity: 2G
 Pre-touch: Disabled
 Parallel Workers: 13
Heap:
 PSYoungGen      total 13824K, used 10732K [0x00000000d5580000, 0x00000000d6780000, 0x0000000100000000)
  eden space 12288K, 78% used [0x00000000d5580000,0x00000000d5eefb88,0x00000000d6180000)
  from space 1536K, 70% used [0x00000000d6600000,0x00000000d6710020,0x00000000d6780000)
  to   space 2048K, 0% used [0x00000000d6380000,0x00000000d6380000,0x00000000d6580000)
 ParOldGen       total 564224K, used 564024K [0x0000000080000000, 0x00000000a2700000, 0x00000000d5580000)
  object space 564224K, 99% used [0x0000000080000000,0x00000000a26ce120,0x00000000a2700000)
 Metaspace       used 84849K, committed 86464K, reserved 1179648K
  class space    used 8748K, committed 9472K, reserved 1048576K
GC Heap History (20 events):
Event: 3649.262 GC heap before
{Heap before GC invocations=1457 (full 4):
 PSYoungGen      total 13312K, used 13297K [0x00000000d5580000, 0x00000000d6580000, 0x0000000100000000)
  eden space 12288K, 100% used [0x00000000d5580000,0x00000000d6180000,0x00000000d6180000)
  from space 1024K, 98% used [0x00000000d6480000,0x00000000d657c798,0x00000000d6580000)
  to   space 2048K, 0% used [0x00000000d6180000,0x00000000d6180000,0x00000000d6380000)
 ParOldGen       total 554496K, used 554210K [0x0000000080000000, 0x00000000a1d80000, 0x00000000d5580000)
  object space 554496K, 99% used [0x0000000080000000,0x00000000a1d38b08,0x00000000a1d80000)
 Metaspace       used 84768K, committed 86400K, reserved 1179648K
  class space    used 8742K, committed 9472K, reserved 1048576K
}
Event: 3649.264 GC heap after
{Heap after GC invocations=1457 (full 4):
 PSYoungGen      total 14336K, used 832K [0x00000000d5580000, 0x00000000d6500000, 0x0000000100000000)
  eden space 12288K, 0% used [0x00000000d5580000,0x00000000d5580000,0x00000000d6180000)
  from space 2048K, 40% used [0x00000000d6180000,0x00000000d6250000,0x00000000d6380000)
  to   space 1536K, 0% used [0x00000000d6380000,0x00000000d6380000,0x00000000d6500000)
 ParOldGen       total 555520K, used 555192K [0x0000000080000000, 0x00000000a1e80000, 0x00000000d5580000)
  object space 555520K, 99% used [0x0000000080000000,0x00000000a1e2e130,0x00000000a1e80000)
 Metaspace       used 84768K, committed 86400K, reserved 1179648K
  class space    used 8742K, committed 9472K, reserved 1048576K
}
Event: 3649.287 GC heap before
{Heap before GC invocations=1458 (full 4):
 PSYoungGen      total 14336K, used 13120K [0x00000000d5580000, 0x00000000d6500000, 0x0000000100000000)
  eden space 12288K, 100% used [0x00000000d5580000,0x00000000d6180000,0x00000000d6180000)
  from space 2048K, 40% used [0x00000000d6180000,0x00000000d6250000,0x00000000d6380000)
  to   space 1536K, 0% used [0x00000000d6380000,0x00000000d6380000,0x00000000d6500000)
 ParOldGen       total 555520K, used 555192K [0x0000000080000000, 0x00000000a1e80000, 0x00000000d5580000)
  object space 555520K, 99% used [0x0000000080000000,0x00000000a1e2e130,0x00000000a1e80000)
 Metaspace       used 84772K, committed 86400K, reserved 1179648K
  class space    used 8742K, committed 9472K, reserved 1048576K
}
Event: 3649.289 GC heap after
{Heap after GC invocations=1458 (full 4):
 PSYoungGen      total 13312K, used 880K [0x00000000d5580000, 0x00000000d6480000, 0x0000000100000000)
  eden space 12288K, 0% used [0x00000000d5580000,0x00000000d5580000,0x00000000d6180000)
  from space 1024K, 85% used [0x00000000d6380000,0x00000000d645c010,0x00000000d6480000)
  to   space 1024K, 0% used [0x00000000d6280000,0x00000000d6280000,0x00000000d6380000)
 ParOldGen       total 556032K, used 555828K [0x0000000080000000, 0x00000000a1f00000, 0x00000000d5580000)
  object space 556032K, 99% used [0x0000000080000000,0x00000000a1ecd1c0,0x00000000a1f00000)
 Metaspace       used 84772K, committed 86400K, reserved 1179648K
  class space    used 8742K, committed 9472K, reserved 1048576K
}
Event: 3649.308 GC heap before
{Heap before GC invocations=1459 (full 4):
 PSYoungGen      total 13312K, used 13168K [0x00000000d5580000, 0x00000000d6480000, 0x0000000100000000)
  eden space 12288K, 100% used [0x00000000d5580000,0x00000000d6180000,0x00000000d6180000)
  from space 1024K, 85% used [0x00000000d6380000,0x00000000d645c010,0x00000000d6480000)
  to   space 1024K, 0% used [0x00000000d6280000,0x00000000d6280000,0x00000000d6380000)
 ParOldGen       total 556032K, used 555828K [0x0000000080000000, 0x00000000a1f00000, 0x00000000d5580000)
  object space 556032K, 99% used [0x0000000080000000,0x00000000a1ecd1c0,0x00000000a1f00000)
 Metaspace       used 84773K, committed 86400K, reserved 1179648K
  class space    used 8742K, committed 9472K, reserved 1048576K
}
Event: 3649.310 GC heap after
{Heap after GC invocations=1459 (full 4):
 PSYoungGen      total 13312K, used 928K [0x00000000d5580000, 0x00000000d6400000, 0x0000000100000000)
  eden space 12288K, 0% used [0x00000000d5580000,0x00000000d5580000,0x00000000d6180000)
  from space 1024K, 90% used [0x00000000d6280000,0x00000000d6368040,0x00000000d6380000)
  to   space 512K, 0% used [0x00000000d6380000,0x00000000d6380000,0x00000000d6400000)
 ParOldGen       total 556544K, used 556532K [0x0000000080000000, 0x00000000a1f80000, 0x00000000d5580000)
  object space 556544K, 99% used [0x0000000080000000,0x00000000a1f7d240,0x00000000a1f80000)
 Metaspace       used 84773K, committed 86400K, reserved 1179648K
  class space    used 8742K, committed 9472K, reserved 1048576K
}
Event: 3649.330 GC heap before
{Heap before GC invocations=1460 (full 4):
 PSYoungGen      total 13312K, used 13216K [0x00000000d5580000, 0x00000000d6400000, 0x0000000100000000)
  eden space 12288K, 100% used [0x00000000d5580000,0x00000000d6180000,0x00000000d6180000)
  from space 1024K, 90% used [0x00000000d6280000,0x00000000d6368040,0x00000000d6380000)
  to   space 512K, 0% used [0x00000000d6380000,0x00000000d6380000,0x00000000d6400000)
 ParOldGen       total 556544K, used 556532K [0x0000000080000000, 0x00000000a1f80000, 0x00000000d5580000)
  object space 556544K, 99% used [0x0000000080000000,0x00000000a1f7d240,0x00000000a1f80000)
 Metaspace       used 84774K, committed 86400K, reserved 1179648K
  class space    used 8742K, committed 9472K, reserved 1048576K
}
Event: 3649.332 GC heap after
{Heap after GC invocations=1460 (full 4):
 PSYoungGen      total 12800K, used 512K [0x00000000d5580000, 0x00000000d6580000, 0x0000000100000000)
  eden space 12288K, 0% used [0x00000000d5580000,0x00000000d5580000,0x00000000d6180000)
  from space 512K, 100% used [0x00000000d6380000,0x00000000d6400000,0x00000000d6400000)
  to   space 2048K, 0% used [0x00000000d6180000,0x00000000d6180000,0x00000000d6380000)
 ParOldGen       total 558080K, used 557615K [0x0000000080000000, 0x00000000a2100000, 0x00000000d5580000)
  object space 558080K, 99% used [0x0000000080000000,0x00000000a208bc68,0x00000000a2100000)
 Metaspace       used 84774K, committed 86400K, reserved 1179648K
  class space    used 8742K, committed 9472K, reserved 1048576K
}
Event: 3649.355 GC heap before
{Heap before GC invocations=1461 (full 4):
 PSYoungGen      total 12800K, used 12800K [0x00000000d5580000, 0x00000000d6580000, 0x0000000100000000)
  eden space 12288K, 100% used [0x00000000d5580000,0x00000000d6180000,0x00000000d6180000)
  from space 512K, 100% used [0x00000000d6380000,0x00000000d6400000,0x00000000d6400000)
  to   space 2048K, 0% used [0x00000000d6180000,0x00000000d6180000,0x00000000d6380000)
 ParOldGen       total 558080K, used 557615K [0x0000000080000000, 0x00000000a2100000, 0x00000000d5580000)
  object space 558080K, 99% used [0x0000000080000000,0x00000000a208bc68,0x00000000a2100000)
 Metaspace       used 84774K, committed 86400K, reserved 1179648K
  class space    used 8742K, committed 9472K, reserved 1048576K
}
Event: 3649.358 GC heap after
{Heap after GC invocations=1461 (full 4):
 PSYoungGen      total 13312K, used 832K [0x00000000d5580000, 0x00000000d6480000, 0x0000000100000000)
  eden space 12288K, 0% used [0x00000000d5580000,0x00000000d5580000,0x00000000d6180000)
  from space 1024K, 81% used [0x00000000d6180000,0x00000000d6250020,0x00000000d6280000)
  to   space 1536K, 0% used [0x00000000d6300000,0x00000000d6300000,0x00000000d6480000)
 ParOldGen       total 558592K, used 558139K [0x0000000080000000, 0x00000000a2180000, 0x00000000d5580000)
  object space 558592K, 99% used [0x0000000080000000,0x00000000a210ed08,0x00000000a2180000)
 Metaspace       used 84774K, committed 86400K, reserved 1179648K
  class space    used 8742K, committed 9472K, reserved 1048576K
}
Event: 3649.383 GC heap before
{Heap before GC invocations=1462 (full 4):
 PSYoungGen      total 13312K, used 13120K [0x00000000d5580000, 0x00000000d6480000, 0x0000000100000000)
  eden space 12288K, 100% used [0x00000000d5580000,0x00000000d6180000,0x00000000d6180000)
  from space 1024K, 81% used [0x00000000d6180000,0x00000000d6250020,0x00000000d6280000)
  to   space 1536K, 0% used [0x00000000d6300000,0x00000000d6300000,0x00000000d6480000)
 ParOldGen       total 558592K, used 558139K [0x0000000080000000, 0x00000000a2180000, 0x00000000d5580000)
  object space 558592K, 99% used [0x0000000080000000,0x00000000a210ed08,0x00000000a2180000)
 Metaspace       used 84774K, committed 86400K, reserved 1179648K
  class space    used 8742K, committed 9472K, reserved 1048576K
}
Event: 3649.384 GC heap after
{Heap after GC invocations=1462 (full 4):
 PSYoungGen      total 13312K, used 928K [0x00000000d5580000, 0x00000000d6400000, 0x0000000100000000)
  eden space 12288K, 0% used [0x00000000d5580000,0x00000000d5580000,0x00000000d6180000)
  from space 1024K, 90% used [0x00000000d6300000,0x00000000d63e8020,0x00000000d6400000)
  to   space 1024K, 0% used [0x00000000d6180000,0x00000000d6180000,0x00000000d6280000)
 ParOldGen       total 559104K, used 558859K [0x0000000080000000, 0x00000000a2200000, 0x00000000d5580000)
  object space 559104K, 99% used [0x0000000080000000,0x00000000a21c2dc8,0x00000000a2200000)
 Metaspace       used 84774K, committed 86400K, reserved 1179648K
  class space    used 8742K, committed 9472K, reserved 1048576K
}
Event: 3649.408 GC heap before
{Heap before GC invocations=1463 (full 4):
 PSYoungGen      total 13312K, used 13216K [0x00000000d5580000, 0x00000000d6400000, 0x0000000100000000)
  eden space 12288K, 100% used [0x00000000d5580000,0x00000000d6180000,0x00000000d6180000)
  from space 1024K, 90% used [0x00000000d6300000,0x00000000d63e8020,0x00000000d6400000)
  to   space 1024K, 0% used [0x00000000d6180000,0x00000000d6180000,0x00000000d6280000)
 ParOldGen       total 559104K, used 558859K [0x0000000080000000, 0x00000000a2200000, 0x00000000d5580000)
  object space 559104K, 99% used [0x0000000080000000,0x00000000a21c2dc8,0x00000000a2200000)
 Metaspace       used 84774K, committed 86400K, reserved 1179648K
  class space    used 8742K, committed 9472K, reserved 1048576K
}
Event: 3649.409 GC heap after
{Heap after GC invocations=1463 (full 4):
 PSYoungGen      total 13312K, used 848K [0x00000000d5580000, 0x00000000d6380000, 0x0000000100000000)
  eden space 12288K, 0% used [0x00000000d5580000,0x00000000d5580000,0x00000000d6180000)
  from space 1024K, 82% used [0x00000000d6180000,0x00000000d6254030,0x00000000d6280000)
  to   space 1024K, 0% used [0x00000000d6280000,0x00000000d6280000,0x00000000d6380000)
 ParOldGen       total 559616K, used 559556K [0x0000000080000000, 0x00000000a2280000, 0x00000000d5580000)
  object space 559616K, 99% used [0x0000000080000000,0x00000000a22712b0,0x00000000a2280000)
 Metaspace       used 84774K, committed 86400K, reserved 1179648K
  class space    used 8742K, committed 9472K, reserved 1048576K
}
Event: 3649.437 GC heap before
{Heap before GC invocations=1464 (full 4):
 PSYoungGen      total 13312K, used 13135K [0x00000000d5580000, 0x00000000d6380000, 0x0000000100000000)
  eden space 12288K, 99% used [0x00000000d5580000,0x00000000d617ffc0,0x00000000d6180000)
  from space 1024K, 82% used [0x00000000d6180000,0x00000000d6254030,0x00000000d6280000)
  to   space 1024K, 0% used [0x00000000d6280000,0x00000000d6280000,0x00000000d6380000)
 ParOldGen       total 559616K, used 559556K [0x0000000080000000, 0x00000000a2280000, 0x00000000d5580000)
  object space 559616K, 99% used [0x0000000080000000,0x00000000a22712b0,0x00000000a2280000)
 Metaspace       used 84777K, committed 86464K, reserved 1179648K
  class space    used 8742K, committed 9472K, reserved 1048576K
}
Event: 3649.438 GC heap after
{Heap after GC invocations=1464 (full 4):
 PSYoungGen      total 13312K, used 848K [0x00000000d5580000, 0x00000000d6380000, 0x0000000100000000)
  eden space 12288K, 0% used [0x00000000d5580000,0x00000000d5580000,0x00000000d6180000)
  from space 1024K, 82% used [0x00000000d6280000,0x00000000d6354010,0x00000000d6380000)
  to   space 1024K, 0% used [0x00000000d6180000,0x00000000d6180000,0x00000000d6280000)
 ParOldGen       total 560640K, used 560248K [0x0000000080000000, 0x00000000a2380000, 0x00000000d5580000)
  object space 560640K, 99% used [0x0000000080000000,0x00000000a231e380,0x00000000a2380000)
 Metaspace       used 84777K, committed 86464K, reserved 1179648K
  class space    used 8742K, committed 9472K, reserved 1048576K
}
Event: 3649.493 GC heap before
{Heap before GC invocations=1465 (full 4):
 PSYoungGen      total 13312K, used 13136K [0x00000000d5580000, 0x00000000d6380000, 0x0000000100000000)
  eden space 12288K, 100% used [0x00000000d5580000,0x00000000d6180000,0x00000000d6180000)
  from space 1024K, 82% used [0x00000000d6280000,0x00000000d6354010,0x00000000d6380000)
  to   space 1024K, 0% used [0x00000000d6180000,0x00000000d6180000,0x00000000d6280000)
 ParOldGen       total 560640K, used 560248K [0x0000000080000000, 0x00000000a2380000, 0x00000000d5580000)
  object space 560640K, 99% used [0x0000000080000000,0x00000000a231e380,0x00000000a2380000)
 Metaspace       used 84783K, committed 86464K, reserved 1179648K
  class space    used 8742K, committed 9472K, reserved 1048576K
}
Event: 3649.496 GC heap after
{Heap after GC invocations=1465 (full 4):
 PSYoungGen      total 13312K, used 1024K [0x00000000d5580000, 0x00000000d6a80000, 0x0000000100000000)
  eden space 12288K, 0% used [0x00000000d5580000,0x00000000d5580000,0x00000000d6180000)
  from space 1024K, 100% used [0x00000000d6180000,0x00000000d6280000,0x00000000d6280000)
  to   space 4608K, 0% used [0x00000000d6600000,0x00000000d6600000,0x00000000d6a80000)
 ParOldGen       total 563200K, used 562966K [0x0000000080000000, 0x00000000a2600000, 0x00000000d5580000)
  object space 563200K, 99% used [0x0000000080000000,0x00000000a25c5888,0x00000000a2600000)
 Metaspace       used 84783K, committed 86464K, reserved 1179648K
  class space    used 8742K, committed 9472K, reserved 1048576K
}
Event: 3649.537 GC heap before
{Heap before GC invocations=1466 (full 4):
 PSYoungGen      total 13312K, used 13312K [0x00000000d5580000, 0x00000000d6a80000, 0x0000000100000000)
  eden space 12288K, 100% used [0x00000000d5580000,0x00000000d6180000,0x00000000d6180000)
  from space 1024K, 100% used [0x00000000d6180000,0x00000000d6280000,0x00000000d6280000)
  to   space 4608K, 0% used [0x00000000d6600000,0x00000000d6600000,0x00000000d6a80000)
 ParOldGen       total 563200K, used 562966K [0x0000000080000000, 0x00000000a2600000, 0x00000000d5580000)
  object space 563200K, 99% used [0x0000000080000000,0x00000000a25c5888,0x00000000a2600000)
 Metaspace       used 84809K, committed 86464K, reserved 1179648K
  class space    used 8742K, committed 9472K, reserved 1048576K
}
Event: 3649.539 GC heap after
{Heap after GC invocations=1466 (full 4):
 PSYoungGen      total 13824K, used 1088K [0x00000000d5580000, 0x00000000d6780000, 0x0000000100000000)
  eden space 12288K, 0% used [0x00000000d5580000,0x00000000d5580000,0x00000000d6180000)
  from space 1536K, 70% used [0x00000000d6600000,0x00000000d6710020,0x00000000d6780000)
  to   space 2048K, 0% used [0x00000000d6380000,0x00000000d6380000,0x00000000d6580000)
 ParOldGen       total 564224K, used 564024K [0x0000000080000000, 0x00000000a2700000, 0x00000000d5580000)
  object space 564224K, 99% used [0x0000000080000000,0x00000000a26ce120,0x00000000a2700000)
 Metaspace       used 84809K, committed 86464K, reserved 1179648K
  class space    used 8742K, committed 9472K, reserved 1048576K
}

