# JRE version: OpenJDK Runtime Environment Temurin-21.0.10+7 (21.0.10+7) (build 21.0.10+7-LTS)
# Java VM: OpenJDK 64-Bit Server VM Temurin-21.0.10+7 (21.0.10+7-LTS, mixed mode, sharing, tiered, compressed oops, compressed class ptrs, g1 gc, windows-amd64)
GC Precious Log:
 CardTable entry size: 512
 Card Set container configuration: InlinePtr #cards 4 size 8 Array Of Cards #cards 16 size 48 Howl #buckets 8 coarsen threshold 3686 Howl Bitmap #cards 512 size 80 coarsen threshold 460 Card regions per heap region 1 cards per card region 4096
 CPUs: 16 total, 16 available
 Memory: 16052M
 Large Page Support: Disabled
 NUMA Support: Disabled
 Compressed Oops: Enabled (Zero based)
 Heap Region Size: 2M
 Heap Min Capacity: 8M
 Heap Initial Capacity: 252M
 Heap Max Capacity: 4014M
 Pre-touch: Disabled
 Parallel Workers: 13
 Concurrent Workers: 3
 Concurrent Refinement Workers: 13
 Periodic GC: Disabled
Heap:
 garbage-first heap   total 235520K, used 95363K [0x0000000705200000, 0x0000000800000000)
  region size 2048K, 1 young (2048K), 1 survivors (2048K)
 Metaspace       used 37918K, committed 38464K, reserved 1114112K
  class space    used 4227K, committed 4480K, reserved 1048576K
GC Heap History (20 events):
Event: 11.945 GC heap after
{Heap after GC invocations=13 (full 0):
 garbage-first heap   total 192512K, used 83493K [0x0000000705200000, 0x0000000800000000)
  region size 2048K, 3 young (6144K), 3 survivors (6144K)
 Metaspace       used 31228K, committed 31680K, reserved 1114112K
  class space    used 3447K, committed 3648K, reserved 1048576K
}
Event: 12.285 GC heap before
{Heap before GC invocations=14 (full 0):
 garbage-first heap   total 192512K, used 163365K [0x0000000705200000, 0x0000000800000000)
  region size 2048K, 42 young (86016K), 3 survivors (6144K)
 Metaspace       used 31408K, committed 31872K, reserved 1114112K
  class space    used 3466K, committed 3648K, reserved 1048576K
}
Event: 12.294 GC heap after
{Heap after GC invocations=15 (full 0):
 garbage-first heap   total 192512K, used 86634K [0x0000000705200000, 0x0000000800000000)
  region size 2048K, 4 young (8192K), 4 survivors (8192K)
 Metaspace       used 31408K, committed 31872K, reserved 1114112K
  class space    used 3466K, committed 3648K, reserved 1048576K
}
Event: 12.547 GC heap before
{Heap before GC invocations=15 (full 0):
 garbage-first heap   total 192512K, used 168554K [0x0000000705200000, 0x0000000800000000)
  region size 2048K, 44 young (90112K), 4 survivors (8192K)
 Metaspace       used 31700K, committed 32128K, reserved 1114112K
  class space    used 3505K, committed 3712K, reserved 1048576K
}
Event: 12.555 GC heap after
{Heap after GC invocations=16 (full 0):
 garbage-first heap   total 192512K, used 86586K [0x0000000705200000, 0x0000000800000000)
  region size 2048K, 4 young (8192K), 4 survivors (8192K)
 Metaspace       used 31700K, committed 32128K, reserved 1114112K
  class space    used 3505K, committed 3712K, reserved 1048576K
}
Event: 13.942 GC heap before
{Heap before GC invocations=16 (full 0):
 garbage-first heap   total 192512K, used 170554K [0x0000000705200000, 0x0000000800000000)
  region size 2048K, 45 young (92160K), 4 survivors (8192K)
 Metaspace       used 37783K, committed 38336K, reserved 1114112K
  class space    used 4223K, committed 4480K, reserved 1048576K
}
Event: 13.957 GC heap after
{Heap after GC invocations=17 (full 0):
 garbage-first heap   total 192512K, used 92832K [0x0000000705200000, 0x0000000800000000)
  region size 2048K, 6 young (12288K), 6 survivors (12288K)
 Metaspace       used 37783K, committed 38336K, reserved 1114112K
  class space    used 4223K, committed 4480K, reserved 1048576K
}
Event: 14.142 GC heap before
{Heap before GC invocations=17 (full 0):
 garbage-first heap   total 192512K, used 172704K [0x0000000705200000, 0x0000000800000000)
  region size 2048K, 45 young (92160K), 6 survivors (12288K)
 Metaspace       used 37832K, committed 38336K, reserved 1114112K
  class space    used 4225K, committed 4480K, reserved 1048576K
}
Event: 14.154 GC heap after
{Heap after GC invocations=18 (full 0):
 garbage-first heap   total 192512K, used 95106K [0x0000000705200000, 0x0000000800000000)
  region size 2048K, 2 young (4096K), 2 survivors (4096K)
 Metaspace       used 37832K, committed 38336K, reserved 1114112K
  class space    used 4225K, committed 4480K, reserved 1048576K
}
Event: 14.333 GC heap before
{Heap before GC invocations=19 (full 0):
 garbage-first heap   total 192512K, used 174978K [0x0000000705200000, 0x0000000800000000)
  region size 2048K, 41 young (83968K), 2 survivors (4096K)
 Metaspace       used 37885K, committed 38400K, reserved 1114112K
  class space    used 4227K, committed 4480K, reserved 1048576K
}
Event: 14.336 GC heap after
{Heap after GC invocations=20 (full 0):
 garbage-first heap   total 192512K, used 92245K [0x0000000705200000, 0x0000000800000000)
  region size 2048K, 1 young (2048K), 1 survivors (2048K)
 Metaspace       used 37885K, committed 38400K, reserved 1114112K
  class space    used 4227K, committed 4480K, reserved 1048576K
}
Event: 14.478 GC heap before
{Heap before GC invocations=20 (full 0):
 garbage-first heap   total 192512K, used 176213K [0x0000000705200000, 0x0000000800000000)
  region size 2048K, 42 young (86016K), 1 survivors (2048K)
 Metaspace       used 37914K, committed 38464K, reserved 1114112K
  class space    used 4227K, committed 4480K, reserved 1048576K
}
Event: 15.494 GC heap after
{Heap after GC invocations=21 (full 0):
 garbage-first heap   total 235520K, used 93464K [0x0000000705200000, 0x0000000800000000)
  region size 2048K, 2 young (4096K), 2 survivors (4096K)
 Metaspace       used 37914K, committed 38464K, reserved 1114112K
  class space    used 4227K, committed 4480K, reserved 1048576K
}
Event: 15.503 GC heap before
{Heap before GC invocations=21 (full 0):
 garbage-first heap   total 235520K, used 99608K [0x0000000705200000, 0x0000000800000000)
  region size 2048K, 5 young (10240K), 2 survivors (4096K)
 Metaspace       used 37914K, committed 38464K, reserved 1114112K
  class space    used 4227K, committed 4480K, reserved 1048576K
}
Event: 15.506 GC heap after
{Heap after GC invocations=22 (full 0):
 garbage-first heap   total 235520K, used 93752K [0x0000000705200000, 0x0000000800000000)
  region size 2048K, 1 young (2048K), 1 survivors (2048K)
 Metaspace       used 37914K, committed 38464K, reserved 1114112K
  class space    used 4227K, committed 4480K, reserved 1048576K
}
Event: 15.513 GC heap before
{Heap before GC invocations=22 (full 0):
 garbage-first heap   total 235520K, used 101944K [0x0000000705200000, 0x0000000800000000)
  region size 2048K, 5 young (10240K), 1 survivors (2048K)
 Metaspace       used 37914K, committed 38464K, reserved 1114112K
  class space    used 4227K, committed 4480K, reserved 1048576K
}
Event: 15.514 GC heap after
{Heap after GC invocations=23 (full 0):
 garbage-first heap   total 235520K, used 93343K [0x0000000705200000, 0x0000000800000000)
  region size 2048K, 1 young (2048K), 1 survivors (2048K)
 Metaspace       used 37914K, committed 38464K, reserved 1114112K
  class space    used 4227K, committed 4480K, reserved 1048576K
}
Event: 15.530 GC heap before
{Heap before GC invocations=23 (full 0):
 garbage-first heap   total 235520K, used 101535K [0x0000000705200000, 0x0000000800000000)
  region size 2048K, 5 young (10240K), 1 survivors (2048K)
 Metaspace       used 37918K, committed 38464K, reserved 1114112K
  class space    used 4227K, committed 4480K, reserved 1048576K
}
Event: 15.532 GC heap after
{Heap after GC invocations=24 (full 0):
 garbage-first heap   total 235520K, used 94315K [0x0000000705200000, 0x0000000800000000)
  region size 2048K, 1 young (2048K), 1 survivors (2048K)
 Metaspace       used 37918K, committed 38464K, reserved 1114112K
  class space    used 4227K, committed 4480K, reserved 1048576K
}
Event: 15.549 GC heap before
{Heap before GC invocations=24 (full 0):
 garbage-first heap   total 235520K, used 102507K [0x0000000705200000, 0x0000000800000000)
  region size 2048K, 5 young (10240K), 1 survivors (2048K)
 Metaspace       used 37918K, committed 38464K, reserved 1114112K
  class space    used 4227K, committed 4480K, reserved 1048576K
}

